Arguments: 
  C:\Program Files\nodejs\node.exe C:\Program Files\nodejs\node_modules\yarn\bin\yarn.js add taro-ui

PATH: 
  C:\Users\zhuan\bin;C:\Program Files\Git\mingw64\bin;C:\Program Files\Git\usr\local\bin;C:\Program Files\Git\usr\bin;C:\Program Files\Git\usr\bin;C:\Program Files\Git\mingw64\bin;C:\Program Files\Git\usr\bin;C:\Users\zhuan\bin;C:\Program Files (x86)\NetSarang\Xftp 6;C:\WINDOWS\system32;C:\WINDOWS;C:\WINDOWS\System32\Wbem;C:\WINDOWS\System32\WindowsPowerShell\v1.0;C:\WINDOWS\System32\OpenSSH;C:\Program Files\Git\cmd;D:\TortoiseSVN\bin;C:\dev\nvm;C:\Program Files\nodejs;C:\dev\nv;C:\Program Files\nodejs";C:\Program Files\MongoDB\Server\4.0\bin;C:\Program Files\nodejs;C:\Users\zhuan\AppData\Local\Microsoft\WindowsApps;C:\Users\zhuan\AppData\Local\Programs\Microsoft VS Code\bin;C:\dev\nvm;C:\Program Files\nodejs;C:\dev\nv;C:\Program Files\nodejs";C:\Program Files\nodejs;C:\Program Files\Git\usr\bin\vendor_perl;C:\Program Files\Git\usr\bin\core_perl

Yarn version: 
  1.21.1

Node version: 
  8.8.0

Platform: 
  win32 x64

Trace: 
  Error: https://registry.npm.taobao.org/core-js/download/core-js-2.6.11.tgz: ESOCKETTIMEDOUT
      at ClientRequest.<anonymous> (C:\dev\nvm\v8.8.0\node_modules\yarn\lib\cli.js:141292:19)
      at Object.onceWrapper (events.js:312:30)
      at emitNone (events.js:105:13)
      at ClientRequest.emit (events.js:207:7)
      at TLSSocket.emitTimeout (_http_client.js:706:34)
      at Object.onceWrapper (events.js:312:30)
      at emitNone (events.js:105:13)
      at TLSSocket.emit (events.js:207:7)
      at TLSSocket.Socket._onTimeout (net.js:408:8)
      at ontimeout (timers.js:471:11)

npm manifest: 
  {
    "name": "myTaro",
    "version": "1.0.0",
    "private": true,
    "description": "my one Taro",
    "templateInfo": {
      "name": "default",
      "typescript": false,
      "css": "sass"
    },
    "scripts": {
      "build:weapp": "taro build --type weapp",
      "build:swan": "taro build --type swan",
      "build:alipay": "taro build --type alipay",
      "build:tt": "taro build --type tt",
      "build:h5": "taro build --type h5",
      "build:rn": "taro build --type rn",
      "build:qq": "taro build --type qq",
      "build:quickapp": "taro build --type quickapp",
      "dev:weapp": "npm run build:weapp -- --watch",
      "dev:swan": "npm run build:swan -- --watch",
      "dev:alipay": "npm run build:alipay -- --watch",
      "dev:tt": "npm run build:tt -- --watch",
      "dev:h5": "npm run build:h5 -- --watch",
      "dev:rn": "npm run build:rn -- --watch",
      "dev:qq": "npm run build:qq -- --watch",
      "dev:quickapp": "npm run build:quickapp -- --watch"
    },
    "author": "",
    "license": "MIT",
    "dependencies": {
      "@tarojs/components": "2.0.0-beta.9",
      "@tarojs/components-qa": "2.0.0-beta.9",
      "@tarojs/router": "2.0.0-beta.9",
      "@tarojs/taro": "2.0.0-beta.9",
      "@tarojs/taro-alipay": "2.0.0-beta.9",
      "@tarojs/taro-h5": "2.0.0-beta.9",
      "@tarojs/taro-qq": "2.0.0-beta.9",
      "@tarojs/taro-quickapp": "2.0.0-beta.9",
      "@tarojs/taro-swan": "2.0.0-beta.9",
      "@tarojs/taro-tt": "2.0.0-beta.9",
      "@tarojs/taro-weapp": "2.0.0-beta.9",
      "nervjs": "^1.5.5",
      "nerv-devtools": "^1.5.5"
    },
    "devDependencies": {
      "@tarojs/mini-runner": "2.0.0-beta.9",
      "@tarojs/webpack-runner": "2.0.0-beta.9",
      "@types/react": "^16.4.6",
      "@types/webpack-env": "^1.13.6",
      "babel-eslint": "^8.2.3",
      "babel-plugin-transform-class-properties": "^6.24.1",
      "babel-plugin-transform-decorators-legacy": "^1.3.4",
      "babel-plugin-transform-jsx-stylesheet": "^0.6.5",
      "babel-plugin-transform-object-rest-spread": "^6.26.0",
      "babel-preset-env": "^1.6.1",
      "eslint": "^5.16.0",
      "eslint-config-taro": "2.0.0-beta.9",
      "eslint-plugin-import": "^2.12.0",
      "eslint-plugin-react": "^7.8.2",
      "eslint-plugin-react-hooks": "^1.6.1",
      "eslint-plugin-taro": "2.0.0-beta.9",
      "stylelint": "9.3.0",
      "stylelint-config-taro-rn": "2.0.0-beta.9",
      "stylelint-taro-rn": "2.0.0-beta.9",
      "webpack": "^4.41.3"
    }
  }

yarn manifest: 
  No manifest

Lockfile: 
  No lockfile
